03/16/2022 04:27:28 PM downloading file sanmar_activeproductsexport.txt...
03/16/2022 04:28:07 PM downloading file sanmar_activeproductsexport.txt...
03/16/2022 04:31:59 PM downloading file sanmar_activeproductsexport.txt...
03/16/2022 04:35:11 PM fetching BigCommerce products...
03/16/2022 04:35:49 PM 6426 products found!
03/16/2022 04:35:50 PM 3954 inactive products found!
03/16/2022 04:35:50 PM Processing product 9086 (1 of 6426)
03/16/2022 04:35:50 PM Processing product 9085 (2 of 6426)
03/16/2022 04:35:50 PM Processing product 9084 (3 of 6426)
03/16/2022 04:35:51 PM Processing product 9083 (4 of 6426)
03/16/2022 04:35:51 PM Processing product 9082 (5 of 6426)
03/16/2022 04:35:52 PM Processing product 9080 (6 of 6426)
03/16/2022 04:35:52 PM Processing product 9079 (7 of 6426)
03/16/2022 04:35:52 PM Processing product 9078 (8 of 6426)
03/16/2022 04:35:53 PM Processing product 9074 (9 of 6426)
03/16/2022 04:35:53 PM Processing product 9073 (10 of 6426)
03/16/2022 04:35:54 PM Processing product 9072 (11 of 6426)
03/16/2022 04:35:54 PM Processing product 9071 (12 of 6426)
03/16/2022 04:35:55 PM Processing product 9070 (13 of 6426)
03/16/2022 04:35:55 PM Processing product 9069 (14 of 6426)
03/16/2022 04:35:55 PM Processing product 9068 (15 of 6426)
03/16/2022 04:35:56 PM Processing product 9067 (16 of 6426)
03/16/2022 04:35:56 PM Processing product 9066 (17 of 6426)
03/16/2022 04:35:56 PM Processing product 9055 (18 of 6426)
03/16/2022 04:35:57 PM Processing product 9054 (19 of 6426)
03/16/2022 04:35:57 PM Processing product 9053 (20 of 6426)
03/16/2022 04:35:58 PM Processing product 9052 (21 of 6426)
03/16/2022 04:35:58 PM Processing product 9051 (22 of 6426)
03/16/2022 04:35:59 PM Processing product 9050 (23 of 6426)
03/16/2022 04:35:59 PM Processing product 9049 (24 of 6426)
03/16/2022 04:35:59 PM Processing product 9035 (25 of 6426)
03/16/2022 04:36:00 PM Processing product 9032 (26 of 6426)
03/16/2022 04:36:00 PM Processing product 8922 (27 of 6426)
03/16/2022 04:36:00 PM Processing product 8921 (28 of 6426)
03/16/2022 04:36:01 PM Processing product 8920 (29 of 6426)
03/16/2022 04:36:01 PM Processing product 8908 (30 of 6426)
03/16/2022 04:36:01 PM Processing product 8907 (31 of 6426)
03/16/2022 04:36:02 PM Processing product 8906 (32 of 6426)
03/16/2022 04:36:02 PM Processing product 8905 (33 of 6426)
03/16/2022 04:36:03 PM Processing product 8904 (34 of 6426)
03/16/2022 04:36:03 PM Processing product 8903 (35 of 6426)
03/16/2022 04:36:03 PM Processing product 8902 (36 of 6426)
03/16/2022 04:36:04 PM Processing product 8901 (37 of 6426)
03/16/2022 04:36:04 PM Processing product 8900 (38 of 6426)
03/16/2022 04:36:04 PM Processing product 8899 (39 of 6426)
03/16/2022 04:36:05 PM Processing product 8896 (40 of 6426)
03/16/2022 04:36:05 PM Processing product 8895 (41 of 6426)
03/16/2022 04:36:05 PM Processing product 8894 (42 of 6426)
03/16/2022 04:36:06 PM Processing product 8893 (43 of 6426)
03/16/2022 04:36:06 PM Processing product 8892 (44 of 6426)
03/16/2022 04:36:07 PM Processing product 8891 (45 of 6426)
03/16/2022 04:36:07 PM Processing product 8890 (46 of 6426)
03/16/2022 04:36:08 PM Processing product 8889 (47 of 6426)
03/16/2022 04:36:08 PM Processing product 8888 (48 of 6426)
03/16/2022 04:36:08 PM Processing product 8887 (49 of 6426)
03/16/2022 04:36:09 PM Processing product 8886 (50 of 6426)
03/16/2022 04:36:09 PM Processing product 8885 (51 of 6426)
03/16/2022 04:36:10 PM Processing product 8884 (52 of 6426)
03/16/2022 04:36:10 PM Processing product 8883 (53 of 6426)
03/16/2022 04:36:11 PM Processing product 8882 (54 of 6426)
03/16/2022 04:36:11 PM Processing product 8879 (55 of 6426)
03/16/2022 04:36:12 PM Processing product 8878 (56 of 6426)
03/16/2022 04:36:12 PM Processing product 8877 (57 of 6426)
03/16/2022 04:36:12 PM Processing product 8876 (58 of 6426)
03/16/2022 04:36:13 PM Processing product 8868 (59 of 6426)
03/16/2022 04:36:13 PM Processing product 8867 (60 of 6426)
03/16/2022 04:36:14 PM Processing product 8866 (61 of 6426)
03/16/2022 04:36:14 PM Processing product 8865 (62 of 6426)
03/16/2022 04:36:14 PM Processing product 8862 (63 of 6426)
03/16/2022 04:36:14 PM Processing product 8861 (64 of 6426)
03/16/2022 04:36:15 PM Processing product 8860 (65 of 6426)
03/16/2022 04:36:15 PM Processing product 8859 (66 of 6426)
03/16/2022 04:36:16 PM Processing product 8858 (67 of 6426)
03/16/2022 04:36:16 PM Processing product 8857 (68 of 6426)
03/16/2022 04:36:16 PM Processing product 8856 (69 of 6426)
03/16/2022 04:36:17 PM Processing product 8855 (70 of 6426)
03/16/2022 04:36:18 PM Processing product 8854 (71 of 6426)
03/16/2022 04:36:18 PM Processing product 8853 (72 of 6426)
03/16/2022 04:36:19 PM Processing product 8852 (73 of 6426)
03/16/2022 04:36:19 PM Processing product 8851 (74 of 6426)
03/16/2022 04:36:20 PM Processing product 8850 (75 of 6426)
03/16/2022 04:36:20 PM Processing product 8849 (76 of 6426)
03/16/2022 04:36:20 PM Processing product 8848 (77 of 6426)
03/16/2022 04:36:21 PM Processing product 8847 (78 of 6426)
03/16/2022 04:36:21 PM Processing product 8846 (79 of 6426)
03/16/2022 04:36:22 PM Processing product 8845 (80 of 6426)
03/16/2022 04:36:23 PM Processing product 8844 (81 of 6426)
03/16/2022 04:36:23 PM Processing product 8843 (82 of 6426)
03/16/2022 04:36:23 PM Processing product 8842 (83 of 6426)
03/16/2022 04:36:24 PM Processing product 8841 (84 of 6426)
03/16/2022 04:36:24 PM Processing product 8840 (85 of 6426)
03/16/2022 04:36:25 PM Processing product 8839 (86 of 6426)
03/16/2022 04:36:25 PM Processing product 8838 (87 of 6426)
03/16/2022 04:36:25 PM Processing product 8837 (88 of 6426)
03/16/2022 04:36:26 PM Processing product 8836 (89 of 6426)
03/16/2022 04:36:26 PM Processing product 8835 (90 of 6426)
03/16/2022 04:36:27 PM Processing product 8834 (91 of 6426)
03/16/2022 04:36:27 PM Processing product 8833 (92 of 6426)
03/16/2022 04:36:27 PM Processing product 8832 (93 of 6426)
03/16/2022 04:36:28 PM Processing product 8831 (94 of 6426)
03/16/2022 04:36:29 PM Processing product 8830 (95 of 6426)
03/16/2022 04:36:29 PM Processing product 8829 (96 of 6426)
03/16/2022 04:36:29 PM Processing product 8828 (97 of 6426)
03/16/2022 04:36:30 PM Processing product 8827 (98 of 6426)
03/16/2022 04:36:30 PM Processing product 8826 (99 of 6426)
03/16/2022 04:36:31 PM Processing product 8825 (100 of 6426)
03/16/2022 04:36:31 PM Processing product 8824 (101 of 6426)
03/16/2022 04:36:31 PM Processing product 8823 (102 of 6426)
03/16/2022 04:36:32 PM Processing product 8822 (103 of 6426)
03/16/2022 04:36:33 PM Processing product 8821 (104 of 6426)
03/16/2022 04:36:33 PM Processing product 8820 (105 of 6426)
03/16/2022 04:36:34 PM Processing product 8819 (106 of 6426)
03/16/2022 04:36:34 PM Processing product 8818 (107 of 6426)
03/16/2022 04:36:34 PM Processing product 8817 (108 of 6426)
03/16/2022 04:36:35 PM Processing product 8816 (109 of 6426)
03/16/2022 04:36:35 PM Processing product 8815 (110 of 6426)
03/16/2022 04:36:36 PM Processing product 8814 (111 of 6426)
03/16/2022 04:36:36 PM Processing product 8813 (112 of 6426)
03/16/2022 04:36:37 PM Processing product 8812 (113 of 6426)
03/16/2022 04:36:37 PM Processing product 8811 (114 of 6426)
03/16/2022 04:36:37 PM Processing product 8810 (115 of 6426)
03/16/2022 04:36:39 PM Processing product 8809 (116 of 6426)
03/16/2022 04:36:39 PM Processing product 8808 (117 of 6426)
03/16/2022 04:36:39 PM Processing product 8807 (118 of 6426)
03/16/2022 04:36:40 PM Processing product 8806 (119 of 6426)
03/16/2022 04:36:40 PM Processing product 8805 (120 of 6426)
03/16/2022 04:36:41 PM Processing product 8804 (121 of 6426)
03/16/2022 04:36:41 PM Processing product 8803 (122 of 6426)
03/16/2022 04:36:41 PM Processing product 8802 (123 of 6426)
03/16/2022 04:36:42 PM Processing product 8801 (124 of 6426)
03/16/2022 04:36:43 PM Processing product 8800 (125 of 6426)
03/16/2022 04:36:43 PM Processing product 8799 (126 of 6426)
03/16/2022 04:36:43 PM Processing product 8798 (127 of 6426)
03/16/2022 04:36:44 PM Processing product 8797 (128 of 6426)
03/16/2022 04:36:44 PM Processing product 8796 (129 of 6426)
03/16/2022 04:36:44 PM Processing product 8795 (130 of 6426)
03/16/2022 04:36:45 PM Processing product 8794 (131 of 6426)
03/16/2022 04:36:45 PM Processing product 8793 (132 of 6426)
03/16/2022 04:36:45 PM Processing product 8792 (133 of 6426)
03/16/2022 04:36:46 PM Processing product 8791 (134 of 6426)
03/16/2022 04:36:46 PM Processing product 8790 (135 of 6426)
03/16/2022 04:36:46 PM Processing product 8789 (136 of 6426)
03/16/2022 04:36:47 PM Processing product 8788 (137 of 6426)
03/16/2022 04:36:47 PM Processing product 8787 (138 of 6426)
03/16/2022 04:36:48 PM Processing product 8786 (139 of 6426)
03/16/2022 04:36:48 PM Processing product 8785 (140 of 6426)
03/16/2022 04:36:49 PM Processing product 8784 (141 of 6426)
03/16/2022 04:36:49 PM Processing product 8783 (142 of 6426)
03/16/2022 04:36:50 PM Processing product 8782 (143 of 6426)
03/16/2022 04:36:50 PM Processing product 8781 (144 of 6426)
03/16/2022 04:36:51 PM Processing product 8780 (145 of 6426)
03/16/2022 04:36:51 PM Processing product 8778 (146 of 6426)
03/16/2022 04:36:52 PM Processing product 8777 (147 of 6426)
03/16/2022 04:36:52 PM Processing product 8776 (148 of 6426)
03/16/2022 04:36:52 PM Processing product 8775 (149 of 6426)
03/16/2022 04:36:53 PM Processing product 8774 (150 of 6426)
03/16/2022 04:36:53 PM Processing product 8773 (151 of 6426)
03/16/2022 04:36:54 PM Processing product 8770 (152 of 6426)
03/16/2022 04:36:54 PM Processing product 8769 (153 of 6426)
03/16/2022 04:36:55 PM Processing product 8768 (154 of 6426)
03/16/2022 04:36:55 PM Processing product 8767 (155 of 6426)
03/16/2022 04:36:56 PM Processing product 8766 (156 of 6426)
03/16/2022 04:36:56 PM Processing product 8765 (157 of 6426)
03/16/2022 04:36:57 PM Processing product 8764 (158 of 6426)
03/16/2022 04:36:57 PM Processing product 8763 (159 of 6426)
03/16/2022 04:36:58 PM Processing product 8762 (160 of 6426)
03/16/2022 04:36:58 PM Processing product 8761 (161 of 6426)
03/16/2022 04:36:58 PM Processing product 8760 (162 of 6426)
03/16/2022 04:36:59 PM Processing product 8759 (163 of 6426)
03/16/2022 04:36:59 PM Processing product 8758 (164 of 6426)
03/16/2022 04:36:59 PM Processing product 8757 (165 of 6426)
03/16/2022 04:37:00 PM Processing product 8756 (166 of 6426)
03/16/2022 04:37:00 PM Processing product 8755 (167 of 6426)
03/16/2022 04:37:01 PM Processing product 8754 (168 of 6426)
03/16/2022 04:37:01 PM Processing product 8753 (169 of 6426)
03/16/2022 04:37:01 PM Processing product 8752 (170 of 6426)
03/16/2022 04:37:02 PM Processing product 8751 (171 of 6426)
03/16/2022 04:37:02 PM Processing product 8750 (172 of 6426)
03/16/2022 04:37:03 PM Processing product 8749 (173 of 6426)
03/16/2022 04:37:03 PM Processing product 8748 (174 of 6426)
03/16/2022 04:37:03 PM Processing product 8747 (175 of 6426)
03/16/2022 04:37:04 PM Processing product 8746 (176 of 6426)
03/16/2022 04:37:04 PM Processing product 8746 (177 of 6426)
03/16/2022 04:37:05 PM Processing product 8745 (178 of 6426)
03/16/2022 04:37:05 PM Processing product 8744 (179 of 6426)
03/16/2022 04:37:06 PM Processing product 8743 (180 of 6426)
03/16/2022 04:37:06 PM Processing product 8741 (181 of 6426)
03/16/2022 04:37:07 PM Processing product 8740 (182 of 6426)
03/16/2022 04:37:07 PM Processing product 8739 (183 of 6426)
03/16/2022 04:37:07 PM Processing product 8736 (184 of 6426)
03/16/2022 04:37:08 PM Processing product 8735 (185 of 6426)
03/16/2022 04:37:08 PM Processing product 8734 (186 of 6426)
03/16/2022 04:37:08 PM Processing product 8733 (187 of 6426)
03/16/2022 04:37:09 PM Processing product 8732 (188 of 6426)
03/16/2022 04:37:09 PM Processing product 8731 (189 of 6426)
03/16/2022 04:37:10 PM Processing product 8730 (190 of 6426)
03/16/2022 04:37:10 PM Processing product 8729 (191 of 6426)
03/16/2022 04:37:11 PM Processing product 8727 (192 of 6426)
03/16/2022 04:37:11 PM Processing product 8726 (193 of 6426)
03/16/2022 04:37:54 PM fetching BigCommerce products...
03/16/2022 04:38:37 PM 6426 products found!
03/16/2022 04:38:38 PM 3954 inactive products found!
03/16/2022 04:38:38 PM Processing product 9086 (1 of 6426)
03/16/2022 04:38:38 PM Processing product 9085 (2 of 6426)
03/16/2022 04:38:38 PM Processing product 9084 (3 of 6426)
03/16/2022 04:38:39 PM Processing product 9083 (4 of 6426)
03/16/2022 04:38:39 PM Processing product 9082 (5 of 6426)
03/16/2022 04:38:39 PM Processing product 9080 (6 of 6426)
03/16/2022 04:38:40 PM Processing product 9079 (7 of 6426)
03/16/2022 04:38:40 PM Processing product 9078 (8 of 6426)
03/16/2022 04:38:40 PM Processing product 9074 (9 of 6426)
03/16/2022 04:38:41 PM Processing product 9073 (10 of 6426)
03/16/2022 04:38:41 PM Processing product 9072 (11 of 6426)
03/16/2022 04:38:42 PM Processing product 9071 (12 of 6426)
03/16/2022 04:38:42 PM Processing product 9070 (13 of 6426)
03/16/2022 04:38:43 PM Processing product 9069 (14 of 6426)
03/16/2022 04:38:43 PM Processing product 9068 (15 of 6426)
03/16/2022 04:38:43 PM Processing product 9067 (16 of 6426)
03/16/2022 04:38:44 PM Processing product 9066 (17 of 6426)
03/16/2022 04:38:44 PM Processing product 9055 (18 of 6426)
03/16/2022 04:38:44 PM Processing product 9054 (19 of 6426)
03/16/2022 04:38:45 PM Processing product 9053 (20 of 6426)
03/16/2022 04:38:45 PM Processing product 9052 (21 of 6426)
03/16/2022 04:38:46 PM Processing product 9051 (22 of 6426)
03/16/2022 04:38:46 PM Processing product 9050 (23 of 6426)
03/16/2022 04:38:46 PM Processing product 9049 (24 of 6426)
03/16/2022 04:38:47 PM Processing product 9035 (25 of 6426)
03/16/2022 04:38:47 PM Processing product 9032 (26 of 6426)
03/16/2022 04:38:47 PM Processing product 8922 (27 of 6426)
03/16/2022 04:38:48 PM Processing product 8921 (28 of 6426)
03/16/2022 04:38:48 PM Processing product 8920 (29 of 6426)
03/16/2022 04:38:48 PM Processing product 8908 (30 of 6426)
03/16/2022 04:38:49 PM Processing product 8907 (31 of 6426)
03/16/2022 04:38:49 PM Processing product 8906 (32 of 6426)
03/16/2022 04:38:49 PM Processing product 8905 (33 of 6426)
03/16/2022 04:38:50 PM Processing product 8904 (34 of 6426)
03/16/2022 04:38:50 PM Processing product 8903 (35 of 6426)
03/16/2022 04:38:51 PM Processing product 8902 (36 of 6426)
03/16/2022 04:38:51 PM Processing product 8901 (37 of 6426)
03/16/2022 04:38:52 PM Processing product 8900 (38 of 6426)
03/16/2022 04:38:52 PM Processing product 8899 (39 of 6426)
03/16/2022 04:38:52 PM Processing product 8896 (40 of 6426)
03/16/2022 04:38:53 PM Processing product 8895 (41 of 6426)
03/16/2022 04:38:53 PM Processing product 8894 (42 of 6426)
03/16/2022 04:38:54 PM Processing product 8893 (43 of 6426)
03/16/2022 04:38:54 PM Processing product 8892 (44 of 6426)
03/16/2022 04:38:54 PM Processing product 8891 (45 of 6426)
03/16/2022 04:38:55 PM Processing product 8890 (46 of 6426)
03/16/2022 04:38:55 PM Processing product 8889 (47 of 6426)
03/16/2022 04:38:55 PM Processing product 8888 (48 of 6426)
03/16/2022 04:38:56 PM Processing product 8887 (49 of 6426)
03/16/2022 04:38:56 PM Processing product 8886 (50 of 6426)
03/16/2022 04:38:56 PM Processing product 8885 (51 of 6426)
03/16/2022 04:38:57 PM Processing product 8884 (52 of 6426)
03/16/2022 04:38:57 PM Processing product 8883 (53 of 6426)
03/16/2022 04:38:58 PM Processing product 8882 (54 of 6426)
03/16/2022 04:38:58 PM Processing product 8879 (55 of 6426)
03/16/2022 04:38:58 PM Processing product 8878 (56 of 6426)
03/16/2022 04:38:59 PM Processing product 8877 (57 of 6426)
03/16/2022 04:38:59 PM Processing product 8876 (58 of 6426)
03/16/2022 04:38:59 PM Processing product 8868 (59 of 6426)
03/16/2022 04:39:00 PM Processing product 8867 (60 of 6426)
03/16/2022 04:39:00 PM Processing product 8866 (61 of 6426)
03/16/2022 04:39:01 PM Processing product 8865 (62 of 6426)
03/16/2022 04:39:01 PM Processing product 8862 (63 of 6426)
03/16/2022 04:39:01 PM Processing product 8861 (64 of 6426)
03/16/2022 04:39:02 PM Processing product 8860 (65 of 6426)
03/16/2022 04:39:02 PM Processing product 8859 (66 of 6426)
03/16/2022 04:39:02 PM Processing product 8858 (67 of 6426)
03/16/2022 04:39:03 PM Processing product 8857 (68 of 6426)
03/16/2022 04:39:03 PM Processing product 8856 (69 of 6426)
03/16/2022 04:39:03 PM Processing product 8855 (70 of 6426)
03/16/2022 04:39:04 PM Processing product 8854 (71 of 6426)
03/16/2022 04:39:04 PM Processing product 8853 (72 of 6426)
03/16/2022 04:39:05 PM Processing product 8852 (73 of 6426)
03/16/2022 04:39:05 PM Processing product 8851 (74 of 6426)
03/16/2022 04:39:06 PM Processing product 8850 (75 of 6426)
03/16/2022 04:39:06 PM Processing product 8849 (76 of 6426)
03/16/2022 04:39:07 PM Processing product 8848 (77 of 6426)
03/16/2022 04:39:07 PM Processing product 8847 (78 of 6426)
03/16/2022 04:39:08 PM Processing product 8846 (79 of 6426)
03/16/2022 04:39:08 PM Processing product 8845 (80 of 6426)
03/16/2022 04:39:09 PM Processing product 8844 (81 of 6426)
03/16/2022 04:39:09 PM Processing product 8843 (82 of 6426)
03/16/2022 04:39:09 PM Processing product 8842 (83 of 6426)
03/16/2022 04:39:10 PM Processing product 8841 (84 of 6426)
03/16/2022 04:39:10 PM Processing product 8840 (85 of 6426)
03/16/2022 04:39:10 PM Processing product 8839 (86 of 6426)
03/16/2022 04:39:11 PM Processing product 8838 (87 of 6426)
03/16/2022 04:39:11 PM Processing product 8837 (88 of 6426)
03/16/2022 04:39:11 PM Processing product 8836 (89 of 6426)
03/16/2022 04:39:12 PM Processing product 8835 (90 of 6426)
03/16/2022 04:39:12 PM Processing product 8834 (91 of 6426)
03/16/2022 04:39:13 PM Processing product 8833 (92 of 6426)
03/16/2022 04:39:13 PM Processing product 8832 (93 of 6426)
03/16/2022 04:39:13 PM Processing product 8831 (94 of 6426)
03/16/2022 04:39:14 PM Processing product 8830 (95 of 6426)
03/16/2022 04:39:14 PM Processing product 8829 (96 of 6426)
03/16/2022 04:39:14 PM Processing product 8828 (97 of 6426)
03/16/2022 04:39:15 PM Processing product 8827 (98 of 6426)
03/16/2022 04:39:15 PM Processing product 8826 (99 of 6426)
03/16/2022 04:39:16 PM Processing product 8825 (100 of 6426)
03/16/2022 04:39:16 PM Processing product 8824 (101 of 6426)
03/16/2022 04:39:16 PM Processing product 8823 (102 of 6426)
03/16/2022 04:39:17 PM Processing product 8822 (103 of 6426)
03/16/2022 04:39:18 PM Processing product 8821 (104 of 6426)
03/16/2022 04:39:18 PM Processing product 8820 (105 of 6426)
03/16/2022 04:39:18 PM Processing product 8819 (106 of 6426)
03/16/2022 04:39:19 PM Processing product 8818 (107 of 6426)
03/16/2022 04:39:19 PM Processing product 8817 (108 of 6426)
03/16/2022 04:39:20 PM Processing product 8816 (109 of 6426)
03/16/2022 04:39:20 PM Processing product 8815 (110 of 6426)
03/16/2022 04:39:20 PM Processing product 8814 (111 of 6426)
03/16/2022 04:39:21 PM Processing product 8813 (112 of 6426)
03/16/2022 04:39:21 PM Processing product 8812 (113 of 6426)
03/16/2022 04:39:22 PM Processing product 8811 (114 of 6426)
03/16/2022 04:39:22 PM Processing product 8810 (115 of 6426)
03/16/2022 04:39:23 PM Processing product 8809 (116 of 6426)
03/16/2022 04:39:23 PM Processing product 8808 (117 of 6426)
03/16/2022 04:39:24 PM Processing product 8807 (118 of 6426)
03/16/2022 04:39:24 PM Processing product 8806 (119 of 6426)
03/16/2022 04:39:24 PM Processing product 8805 (120 of 6426)
03/16/2022 04:39:25 PM Processing product 8804 (121 of 6426)
03/16/2022 04:39:26 PM Processing product 8803 (122 of 6426)
03/16/2022 04:39:26 PM Processing product 8802 (123 of 6426)
03/16/2022 04:39:26 PM Processing product 8801 (124 of 6426)
03/16/2022 04:39:27 PM Processing product 8800 (125 of 6426)
03/16/2022 04:39:27 PM Processing product 8799 (126 of 6426)
03/16/2022 04:39:28 PM Processing product 8798 (127 of 6426)
03/16/2022 04:39:28 PM Processing product 8797 (128 of 6426)
03/16/2022 04:39:28 PM Processing product 8796 (129 of 6426)
03/16/2022 04:39:29 PM Processing product 8795 (130 of 6426)
03/16/2022 04:39:29 PM Processing product 8794 (131 of 6426)
03/16/2022 04:39:29 PM Processing product 8793 (132 of 6426)
03/16/2022 04:39:30 PM Processing product 8792 (133 of 6426)
03/16/2022 04:39:30 PM Processing product 8791 (134 of 6426)
03/16/2022 04:39:30 PM Processing product 8790 (135 of 6426)
03/16/2022 04:39:31 PM Processing product 8789 (136 of 6426)
03/16/2022 04:39:31 PM Processing product 8788 (137 of 6426)
03/16/2022 04:39:32 PM Processing product 8787 (138 of 6426)
03/16/2022 04:39:32 PM Processing product 8786 (139 of 6426)
03/16/2022 04:39:32 PM Processing product 8785 (140 of 6426)
03/16/2022 04:39:33 PM Processing product 8784 (141 of 6426)
03/16/2022 04:39:33 PM Processing product 8783 (142 of 6426)
03/16/2022 04:39:34 PM Processing product 8782 (143 of 6426)
03/16/2022 04:39:34 PM Processing product 8781 (144 of 6426)
03/16/2022 04:39:34 PM Processing product 8780 (145 of 6426)
03/16/2022 04:39:35 PM Processing product 8778 (146 of 6426)
03/16/2022 04:39:35 PM Processing product 8777 (147 of 6426)
03/16/2022 04:39:35 PM Processing product 8776 (148 of 6426)
03/16/2022 04:39:36 PM Processing product 8775 (149 of 6426)
03/16/2022 04:39:36 PM Processing product 8774 (150 of 6426)
03/16/2022 04:39:36 PM Processing product 8773 (151 of 6426)
03/16/2022 04:39:37 PM Processing product 8770 (152 of 6426)
03/16/2022 04:39:37 PM Processing product 8769 (153 of 6426)
03/16/2022 04:39:38 PM Processing product 8768 (154 of 6426)
03/16/2022 04:39:38 PM Processing product 8767 (155 of 6426)
03/16/2022 04:39:39 PM Processing product 8766 (156 of 6426)
03/16/2022 04:39:39 PM Processing product 8765 (157 of 6426)
03/16/2022 04:39:40 PM Processing product 8764 (158 of 6426)
03/16/2022 04:39:40 PM Processing product 8763 (159 of 6426)
03/16/2022 04:39:40 PM Processing product 8762 (160 of 6426)
03/16/2022 04:39:41 PM Processing product 8761 (161 of 6426)
03/16/2022 04:39:41 PM Processing product 8760 (162 of 6426)
03/16/2022 04:39:42 PM Processing product 8759 (163 of 6426)
03/16/2022 04:39:42 PM Processing product 8758 (164 of 6426)
03/16/2022 04:39:43 PM Processing product 8757 (165 of 6426)
03/16/2022 04:39:43 PM Processing product 8756 (166 of 6426)
03/16/2022 04:39:44 PM Processing product 8755 (167 of 6426)
03/16/2022 04:39:44 PM Processing product 8754 (168 of 6426)
03/16/2022 04:39:44 PM Processing product 8753 (169 of 6426)
03/16/2022 04:39:45 PM Processing product 8752 (170 of 6426)
03/16/2022 04:39:45 PM Processing product 8751 (171 of 6426)
03/16/2022 04:39:45 PM Processing product 8750 (172 of 6426)
03/16/2022 04:39:46 PM Processing product 8749 (173 of 6426)
03/16/2022 04:39:46 PM Processing product 8748 (174 of 6426)
03/16/2022 04:39:46 PM Processing product 8747 (175 of 6426)
03/16/2022 04:39:47 PM Processing product 8746 (176 of 6426)
03/16/2022 04:39:47 PM Processing product 8746 (177 of 6426)
03/16/2022 04:39:48 PM Processing product 8745 (178 of 6426)
03/16/2022 04:39:48 PM Processing product 8744 (179 of 6426)
03/16/2022 04:39:48 PM Processing product 8743 (180 of 6426)
03/16/2022 04:39:49 PM Processing product 8741 (181 of 6426)
03/16/2022 04:39:49 PM Processing product 8740 (182 of 6426)
03/16/2022 04:39:50 PM Processing product 8739 (183 of 6426)
03/16/2022 04:39:50 PM Processing product 8736 (184 of 6426)
03/16/2022 04:39:50 PM Processing product 8735 (185 of 6426)
03/16/2022 04:39:50 PM Processing product 8734 (186 of 6426)
03/16/2022 04:39:51 PM Processing product 8733 (187 of 6426)
03/16/2022 04:39:51 PM Processing product 8732 (188 of 6426)
03/16/2022 04:39:51 PM Processing product 8731 (189 of 6426)
03/16/2022 04:39:52 PM Processing product 8730 (190 of 6426)
03/16/2022 04:39:52 PM Processing product 8729 (191 of 6426)
03/16/2022 04:39:52 PM Processing product 8727 (192 of 6426)
03/16/2022 04:39:53 PM Processing product 8726 (193 of 6426)
